Release 14.7 Map P.20131013 (nt64)
Xilinx Mapping Report File for Design 'spi_3_wire_master'

Design Information
------------------
Command Line   : map -intstyle ise -p xc6slx45t-fgg484-3 -w -logic_opt off -ol
high -t 1 -xt 0 -register_duplication off -r 4 -global_opt off -mt off -ir off
-pr off -lc off -power off -o spi_3_wire_master_map.ncd spi_3_wire_master.ngd
spi_3_wire_master.pcf 
Target Device  : xc6slx45t
Target Package : fgg484
Target Speed   : -3
Mapper Version : spartan6 -- $Revision: 1.55 $
Mapped Date    : Wed Jan 25 16:47:55 2023

Design Summary
--------------
Number of errors:      0
Number of warnings:    0
Slice Logic Utilization:
  Number of Slice Registers:                   165 out of  54,576    1%
    Number used as Flip Flops:                 165
    Number used as Latches:                      0
    Number used as Latch-thrus:                  0
    Number used as AND/OR logics:                0
  Number of Slice LUTs:                        203 out of  27,288    1%
    Number used as logic:                      197 out of  27,288    1%
      Number using O6 output only:             142
      Number using O5 output only:               0
      Number using O5 and O6:                   55
      Number used as ROM:                        0
    Number used as Memory:                       0 out of   6,408    0%
    Number used exclusively as route-thrus:      6
      Number with same-slice register load:      6
      Number with same-slice carry load:         0
      Number with other load:                    0

Slice Logic Distribution:
  Number of occupied Slices:                    93 out of   6,822    1%
  Number of MUXCYs used:                        56 out of  13,644    1%
  Number of LUT Flip Flop pairs used:          226
    Number with an unused Flip Flop:            77 out of     226   34%
    Number with an unused LUT:                  23 out of     226   10%
    Number of fully used LUT-FF pairs:         126 out of     226   55%
    Number of unique control sets:               6
    Number of slice register sites lost
      to control set restrictions:              11 out of  54,576    1%

  A LUT Flip Flop pair for this architecture represents one LUT paired with
  one Flip Flop within a slice.  A control set is a unique combination of
  clock, reset, set, and enable signals for a registered element.
  The Slice Logic Distribution report is not meaningful if the design is
  over-mapped for a non-slice resource or if Placement fails.

IO Utilization:
  Number of bonded IOBs:                       153 out of     296   51%

Specific Feature Utilization:
  Number of RAMB16BWERs:                         0 out of     116    0%
  Number of RAMB8BWERs:                          0 out of     232    0%
  Number of BUFIO2/BUFIO2_2CLKs:                 0 out of      32    0%
  Number of BUFIO2FB/BUFIO2FB_2CLKs:             0 out of      32    0%
  Number of BUFG/BUFGMUXs:                       1 out of      16    6%
    Number used as BUFGs:                        1
    Number used as BUFGMUX:                      0
  Number of DCM/DCM_CLKGENs:                     0 out of       8    0%
  Number of ILOGIC2/ISERDES2s:                   0 out of     376    0%
  Number of IODELAY2/IODRP2/IODRP2_MCBs:         0 out of     376    0%
  Number of OLOGIC2/OSERDES2s:                   0 out of     376    0%
  Number of BSCANs:                              0 out of       4    0%
  Number of BUFHs:                               0 out of     256    0%
  Number of BUFPLLs:                             0 out of       8    0%
  Number of BUFPLL_MCBs:                         0 out of       4    0%
  Number of DSP48A1s:                            0 out of      58    0%
  Number of GTPA1_DUALs:                         0 out of       2    0%
  Number of ICAPs:                               0 out of       1    0%
  Number of MCBs:                                0 out of       2    0%
  Number of PCIE_A1s:                            0 out of       1    0%
  Number of PCILOGICSEs:                         0 out of       2    0%
  Number of PLL_ADVs:                            0 out of       4    0%
  Number of PMVs:                                0 out of       1    0%
  Number of STARTUPs:                            0 out of       1    0%
  Number of SUSPEND_SYNCs:                       0 out of       1    0%

Average Fanout of Non-Clock Nets:                3.28

Peak Memory Usage:  4586 MB
Total REAL time to MAP completion:  14 secs 
Total CPU time to MAP completion:   13 secs 

Table of Contents
-----------------
Section 1 - Errors
Section 2 - Warnings
Section 3 - Informational
Section 4 - Removed Logic Summary
Section 5 - Removed Logic
Section 6 - IOB Properties
Section 7 - RPMs
Section 8 - Guide Report
Section 9 - Area Group and Partition Summary
Section 10 - Timing Report
Section 11 - Configuration String Information
Section 12 - Control Set Information
Section 13 - Utilization by Hierarchy

Section 1 - Errors
------------------

Section 2 - Warnings
--------------------

Section 3 - Informational
-------------------------
INFO:LIT:243 - Logical network rw has no load.
INFO:MapLib:562 - No environment variables are currently set.
INFO:LIT:244 - All of the single ended outputs in this design are using slew
   rate limited output drivers. The delay on speed critical single ended outputs
   can be dramatically reduced by designating them as fast outputs.
INFO:Pack:1716 - Initializing temperature to 85.000 Celsius. (default - Range:
   0.000 to 85.000 Celsius)
INFO:Pack:1720 - Initializing voltage to 1.140 Volts. (default - Range: 1.140 to
   1.260 Volts)
INFO:Map:215 - The Interim Design Summary has been generated in the MAP Report
   (.mrp).
INFO:Pack:1650 - Map created a placed design.

Section 4 - Removed Logic Summary
---------------------------------
   2 block(s) optimized away

Section 5 - Removed Logic
-------------------------

Optimized Block(s):
TYPE 		BLOCK
GND 		XST_GND
VCC 		XST_VCC

To enable printing of redundant blocks removed and signals merged, set the
detailed map report option and rerun map.

Section 6 - IOB Properties
--------------------------

+---------------------------------------------------------------------------------------------------------------------------------------------------------+
| IOB Name                           | Type             | Direction | IO Standard          | Diff  | Drive    | Slew | Reg (s)      | Resistor | IOB      |
|                                    |                  |           |                      | Term  | Strength | Rate |              |          | Delay    |
+---------------------------------------------------------------------------------------------------------------------------------------------------------+
| addr<0>                            | IOB              | INPUT     | LVCMOS25             |       |          |      |              |          |          |
| addr<1>                            | IOB              | INPUT     | LVCMOS25             |       |          |      |              |          |          |
| addr<2>                            | IOB              | INPUT     | LVCMOS25             |       |          |      |              |          |          |
| addr<3>                            | IOB              | INPUT     | LVCMOS25             |       |          |      |              |          |          |
| addr<4>                            | IOB              | INPUT     | LVCMOS25             |       |          |      |              |          |          |
| addr<5>                            | IOB              | INPUT     | LVCMOS25             |       |          |      |              |          |          |
| addr<6>                            | IOB              | INPUT     | LVCMOS25             |       |          |      |              |          |          |
| addr<7>                            | IOB              | INPUT     | LVCMOS25             |       |          |      |              |          |          |
| addr<8>                            | IOB              | INPUT     | LVCMOS25             |       |          |      |              |          |          |
| addr<9>                            | IOB              | INPUT     | LVCMOS25             |       |          |      |              |          |          |
| addr<10>                           | IOB              | INPUT     | LVCMOS25             |       |          |      |              |          |          |
| addr<11>                           | IOB              | INPUT     | LVCMOS25             |       |          |      |              |          |          |
| addr<12>                           | IOB              | INPUT     | LVCMOS25             |       |          |      |              |          |          |
| addr<13>                           | IOB              | INPUT     | LVCMOS25             |       |          |      |              |          |          |
| addr<14>                           | IOB              | INPUT     | LVCMOS25             |       |          |      |              |          |          |
| addr<15>                           | IOB              | INPUT     | LVCMOS25             |       |          |      |              |          |          |
| addr<16>                           | IOB              | INPUT     | LVCMOS25             |       |          |      |              |          |          |
| addr<17>                           | IOB              | INPUT     | LVCMOS25             |       |          |      |              |          |          |
| addr<18>                           | IOB              | INPUT     | LVCMOS25             |       |          |      |              |          |          |
| addr<19>                           | IOB              | INPUT     | LVCMOS25             |       |          |      |              |          |          |
| addr<20>                           | IOB              | INPUT     | LVCMOS25             |       |          |      |              |          |          |
| addr<21>                           | IOB              | INPUT     | LVCMOS25             |       |          |      |              |          |          |
| addr<22>                           | IOB              | INPUT     | LVCMOS25             |       |          |      |              |          |          |
| addr<23>                           | IOB              | INPUT     | LVCMOS25             |       |          |      |              |          |          |
| addr<24>                           | IOB              | INPUT     | LVCMOS25             |       |          |      |              |          |          |
| addr<25>                           | IOB              | INPUT     | LVCMOS25             |       |          |      |              |          |          |
| addr<26>                           | IOB              | INPUT     | LVCMOS25             |       |          |      |              |          |          |
| addr<27>                           | IOB              | INPUT     | LVCMOS25             |       |          |      |              |          |          |
| addr<28>                           | IOB              | INPUT     | LVCMOS25             |       |          |      |              |          |          |
| addr<29>                           | IOB              | INPUT     | LVCMOS25             |       |          |      |              |          |          |
| addr<30>                           | IOB              | INPUT     | LVCMOS25             |       |          |      |              |          |          |
| addr<31>                           | IOB              | INPUT     | LVCMOS25             |       |          |      |              |          |          |
| busy                               | IOB              | OUTPUT    | LVCMOS25             |       | 12       | SLOW |              |          |          |
| clk_div<0>                         | IOB              | INPUT     | LVCMOS25             |       |          |      |              |          |          |
| clk_div<1>                         | IOB              | INPUT     | LVCMOS25             |       |          |      |              |          |          |
| clk_div<2>                         | IOB              | INPUT     | LVCMOS25             |       |          |      |              |          |          |
| clk_div<3>                         | IOB              | INPUT     | LVCMOS25             |       |          |      |              |          |          |
| clk_div<4>                         | IOB              | INPUT     | LVCMOS25             |       |          |      |              |          |          |
| clk_div<5>                         | IOB              | INPUT     | LVCMOS25             |       |          |      |              |          |          |
| clk_div<6>                         | IOB              | INPUT     | LVCMOS25             |       |          |      |              |          |          |
| clk_div<7>                         | IOB              | INPUT     | LVCMOS25             |       |          |      |              |          |          |
| clk_div<8>                         | IOB              | INPUT     | LVCMOS25             |       |          |      |              |          |          |
| clk_div<9>                         | IOB              | INPUT     | LVCMOS25             |       |          |      |              |          |          |
| clk_div<10>                        | IOB              | INPUT     | LVCMOS25             |       |          |      |              |          |          |
| clk_div<11>                        | IOB              | INPUT     | LVCMOS25             |       |          |      |              |          |          |
| clk_div<12>                        | IOB              | INPUT     | LVCMOS25             |       |          |      |              |          |          |
| clk_div<13>                        | IOB              | INPUT     | LVCMOS25             |       |          |      |              |          |          |
| clk_div<14>                        | IOB              | INPUT     | LVCMOS25             |       |          |      |              |          |          |
| clk_div<15>                        | IOB              | INPUT     | LVCMOS25             |       |          |      |              |          |          |
| clk_div<16>                        | IOB              | INPUT     | LVCMOS25             |       |          |      |              |          |          |
| clk_div<17>                        | IOB              | INPUT     | LVCMOS25             |       |          |      |              |          |          |
| clk_div<18>                        | IOB              | INPUT     | LVCMOS25             |       |          |      |              |          |          |
| clk_div<19>                        | IOB              | INPUT     | LVCMOS25             |       |          |      |              |          |          |
| clk_div<20>                        | IOB              | INPUT     | LVCMOS25             |       |          |      |              |          |          |
| clk_div<21>                        | IOB              | INPUT     | LVCMOS25             |       |          |      |              |          |          |
| clk_div<22>                        | IOB              | INPUT     | LVCMOS25             |       |          |      |              |          |          |
| clk_div<23>                        | IOB              | INPUT     | LVCMOS25             |       |          |      |              |          |          |
| clk_div<24>                        | IOB              | INPUT     | LVCMOS25             |       |          |      |              |          |          |
| clk_div<25>                        | IOB              | INPUT     | LVCMOS25             |       |          |      |              |          |          |
| clk_div<26>                        | IOB              | INPUT     | LVCMOS25             |       |          |      |              |          |          |
| clk_div<27>                        | IOB              | INPUT     | LVCMOS25             |       |          |      |              |          |          |
| clk_div<28>                        | IOB              | INPUT     | LVCMOS25             |       |          |      |              |          |          |
| clk_div<29>                        | IOB              | INPUT     | LVCMOS25             |       |          |      |              |          |          |
| clk_div<30>                        | IOB              | INPUT     | LVCMOS25             |       |          |      |              |          |          |
| clk_div<31>                        | IOB              | INPUT     | LVCMOS25             |       |          |      |              |          |          |
| clock                              | IOB              | INPUT     | LVCMOS25             |       |          |      |              |          |          |
| cpha                               | IOB              | INPUT     | LVCMOS25             |       |          |      |              |          |          |
| cpol                               | IOB              | INPUT     | LVCMOS25             |       |          |      |              |          |          |
| enable                             | IOB              | INPUT     | LVCMOS25             |       |          |      |              |          |          |
| reset_n                            | IOB              | INPUT     | LVCMOS25             |       |          |      |              |          |          |
| rx_data<0>                         | IOB              | OUTPUT    | LVCMOS25             |       | 12       | SLOW |              |          |          |
| rx_data<1>                         | IOB              | OUTPUT    | LVCMOS25             |       | 12       | SLOW |              |          |          |
| rx_data<2>                         | IOB              | OUTPUT    | LVCMOS25             |       | 12       | SLOW |              |          |          |
| rx_data<3>                         | IOB              | OUTPUT    | LVCMOS25             |       | 12       | SLOW |              |          |          |
| rx_data<4>                         | IOB              | OUTPUT    | LVCMOS25             |       | 12       | SLOW |              |          |          |
| rx_data<5>                         | IOB              | OUTPUT    | LVCMOS25             |       | 12       | SLOW |              |          |          |
| rx_data<6>                         | IOB              | OUTPUT    | LVCMOS25             |       | 12       | SLOW |              |          |          |
| rx_data<7>                         | IOB              | OUTPUT    | LVCMOS25             |       | 12       | SLOW |              |          |          |
| rx_data<8>                         | IOB              | OUTPUT    | LVCMOS25             |       | 12       | SLOW |              |          |          |
| rx_data<9>                         | IOB              | OUTPUT    | LVCMOS25             |       | 12       | SLOW |              |          |          |
| rx_data<10>                        | IOB              | OUTPUT    | LVCMOS25             |       | 12       | SLOW |              |          |          |
| rx_data<11>                        | IOB              | OUTPUT    | LVCMOS25             |       | 12       | SLOW |              |          |          |
| rx_data<12>                        | IOB              | OUTPUT    | LVCMOS25             |       | 12       | SLOW |              |          |          |
| rx_data<13>                        | IOB              | OUTPUT    | LVCMOS25             |       | 12       | SLOW |              |          |          |
| rx_data<14>                        | IOB              | OUTPUT    | LVCMOS25             |       | 12       | SLOW |              |          |          |
| rx_data<15>                        | IOB              | OUTPUT    | LVCMOS25             |       | 12       | SLOW |              |          |          |
| rx_data<16>                        | IOB              | OUTPUT    | LVCMOS25             |       | 12       | SLOW |              |          |          |
| rx_data<17>                        | IOB              | OUTPUT    | LVCMOS25             |       | 12       | SLOW |              |          |          |
| rx_data<18>                        | IOB              | OUTPUT    | LVCMOS25             |       | 12       | SLOW |              |          |          |
| rx_data<19>                        | IOB              | OUTPUT    | LVCMOS25             |       | 12       | SLOW |              |          |          |
| rx_data<20>                        | IOB              | OUTPUT    | LVCMOS25             |       | 12       | SLOW |              |          |          |
| rx_data<21>                        | IOB              | OUTPUT    | LVCMOS25             |       | 12       | SLOW |              |          |          |
| rx_data<22>                        | IOB              | OUTPUT    | LVCMOS25             |       | 12       | SLOW |              |          |          |
| rx_data<23>                        | IOB              | OUTPUT    | LVCMOS25             |       | 12       | SLOW |              |          |          |
| rx_data<24>                        | IOB              | OUTPUT    | LVCMOS25             |       | 12       | SLOW |              |          |          |
| rx_data<25>                        | IOB              | OUTPUT    | LVCMOS25             |       | 12       | SLOW |              |          |          |
| rx_data<26>                        | IOB              | OUTPUT    | LVCMOS25             |       | 12       | SLOW |              |          |          |
| rx_data<27>                        | IOB              | OUTPUT    | LVCMOS25             |       | 12       | SLOW |              |          |          |
| rx_data<28>                        | IOB              | OUTPUT    | LVCMOS25             |       | 12       | SLOW |              |          |          |
| rx_data<29>                        | IOB              | OUTPUT    | LVCMOS25             |       | 12       | SLOW |              |          |          |
| rx_data<30>                        | IOB              | OUTPUT    | LVCMOS25             |       | 12       | SLOW |              |          |          |
| rx_data<31>                        | IOB              | OUTPUT    | LVCMOS25             |       | 12       | SLOW |              |          |          |
| sclk                               | IOB              | OUTPUT    | LVCMOS25             |       | 12       | SLOW |              |          |          |
| sdio                               | IOB              | BIDIR     | LVCMOS25             |       | 12       | SLOW |              |          |          |
| ss_n<0>                            | IOB              | OUTPUT    | LVCMOS25             |       | 12       | SLOW |              |          |          |
| tx_cmd<0>                          | IOB              | INPUT     | LVCMOS25             |       |          |      |              |          |          |
| tx_cmd<1>                          | IOB              | INPUT     | LVCMOS25             |       |          |      |              |          |          |
| tx_cmd<2>                          | IOB              | INPUT     | LVCMOS25             |       |          |      |              |          |          |
| tx_cmd<3>                          | IOB              | INPUT     | LVCMOS25             |       |          |      |              |          |          |
| tx_cmd<4>                          | IOB              | INPUT     | LVCMOS25             |       |          |      |              |          |          |
| tx_cmd<5>                          | IOB              | INPUT     | LVCMOS25             |       |          |      |              |          |          |
| tx_cmd<6>                          | IOB              | INPUT     | LVCMOS25             |       |          |      |              |          |          |
| tx_cmd<7>                          | IOB              | INPUT     | LVCMOS25             |       |          |      |              |          |          |
| tx_cmd<8>                          | IOB              | INPUT     | LVCMOS25             |       |          |      |              |          |          |
| tx_cmd<9>                          | IOB              | INPUT     | LVCMOS25             |       |          |      |              |          |          |
| tx_cmd<10>                         | IOB              | INPUT     | LVCMOS25             |       |          |      |              |          |          |
| tx_cmd<11>                         | IOB              | INPUT     | LVCMOS25             |       |          |      |              |          |          |
| tx_cmd<12>                         | IOB              | INPUT     | LVCMOS25             |       |          |      |              |          |          |
| tx_cmd<13>                         | IOB              | INPUT     | LVCMOS25             |       |          |      |              |          |          |
| tx_cmd<14>                         | IOB              | INPUT     | LVCMOS25             |       |          |      |              |          |          |
| tx_cmd<15>                         | IOB              | INPUT     | LVCMOS25             |       |          |      |              |          |          |
| tx_data<0>                         | IOB              | INPUT     | LVCMOS25             |       |          |      |              |          |          |
| tx_data<1>                         | IOB              | INPUT     | LVCMOS25             |       |          |      |              |          |          |
| tx_data<2>                         | IOB              | INPUT     | LVCMOS25             |       |          |      |              |          |          |
| tx_data<3>                         | IOB              | INPUT     | LVCMOS25             |       |          |      |              |          |          |
| tx_data<4>                         | IOB              | INPUT     | LVCMOS25             |       |          |      |              |          |          |
| tx_data<5>                         | IOB              | INPUT     | LVCMOS25             |       |          |      |              |          |          |
| tx_data<6>                         | IOB              | INPUT     | LVCMOS25             |       |          |      |              |          |          |
| tx_data<7>                         | IOB              | INPUT     | LVCMOS25             |       |          |      |              |          |          |
| tx_data<8>                         | IOB              | INPUT     | LVCMOS25             |       |          |      |              |          |          |
| tx_data<9>                         | IOB              | INPUT     | LVCMOS25             |       |          |      |              |          |          |
| tx_data<10>                        | IOB              | INPUT     | LVCMOS25             |       |          |      |              |          |          |
| tx_data<11>                        | IOB              | INPUT     | LVCMOS25             |       |          |      |              |          |          |
| tx_data<12>                        | IOB              | INPUT     | LVCMOS25             |       |          |      |              |          |          |
| tx_data<13>                        | IOB              | INPUT     | LVCMOS25             |       |          |      |              |          |          |
| tx_data<14>                        | IOB              | INPUT     | LVCMOS25             |       |          |      |              |          |          |
| tx_data<15>                        | IOB              | INPUT     | LVCMOS25             |       |          |      |              |          |          |
| tx_data<16>                        | IOB              | INPUT     | LVCMOS25             |       |          |      |              |          |          |
| tx_data<17>                        | IOB              | INPUT     | LVCMOS25             |       |          |      |              |          |          |
| tx_data<18>                        | IOB              | INPUT     | LVCMOS25             |       |          |      |              |          |          |
| tx_data<19>                        | IOB              | INPUT     | LVCMOS25             |       |          |      |              |          |          |
| tx_data<20>                        | IOB              | INPUT     | LVCMOS25             |       |          |      |              |          |          |
| tx_data<21>                        | IOB              | INPUT     | LVCMOS25             |       |          |      |              |          |          |
| tx_data<22>                        | IOB              | INPUT     | LVCMOS25             |       |          |      |              |          |          |
| tx_data<23>                        | IOB              | INPUT     | LVCMOS25             |       |          |      |              |          |          |
| tx_data<24>                        | IOB              | INPUT     | LVCMOS25             |       |          |      |              |          |          |
| tx_data<25>                        | IOB              | INPUT     | LVCMOS25             |       |          |      |              |          |          |
| tx_data<26>                        | IOB              | INPUT     | LVCMOS25             |       |          |      |              |          |          |
| tx_data<27>                        | IOB              | INPUT     | LVCMOS25             |       |          |      |              |          |          |
| tx_data<28>                        | IOB              | INPUT     | LVCMOS25             |       |          |      |              |          |          |
| tx_data<29>                        | IOB              | INPUT     | LVCMOS25             |       |          |      |              |          |          |
| tx_data<30>                        | IOB              | INPUT     | LVCMOS25             |       |          |      |              |          |          |
| tx_data<31>                        | IOB              | INPUT     | LVCMOS25             |       |          |      |              |          |          |
+---------------------------------------------------------------------------------------------------------------------------------------------------------+

Section 7 - RPMs
----------------

Section 8 - Guide Report
------------------------
Guide not run on this design.

Section 9 - Area Group and Partition Summary
--------------------------------------------

Partition Implementation Status
-------------------------------

  No Partitions were found in this design.

-------------------------------

Area Group Information
----------------------

  No area groups were found in this design.

----------------------

Section 10 - Timing Report
--------------------------
A logic-level (pre-route) timing report can be generated by using Xilinx static
timing analysis tools, Timing Analyzer (GUI) or TRCE (command line), with the
mapped NCD and PCF files. Please note that this timing report will be generated
using estimated delay information. For accurate numbers, please generate a
timing report with the post Place and Route NCD file.

For more information about the Timing Analyzer, consult the Xilinx Timing
Analyzer Reference Manual; for more information about TRCE, consult the Xilinx
Command Line Tools User Guide "TRACE" chapter.

Section 11 - Configuration String Details
-----------------------------------------
Use the "-detail" map option to print out Configuration Strings

Section 12 - Control Set Information
------------------------------------
Use the "-detail" map option to print out Control Set Information.

Section 13 - Utilization by Hierarchy
-------------------------------------
Use the "-detail" map option to print out the Utilization by Hierarchy section.
