--------------------------------------------------------------------------------
Release 14.7 Trace  (nt64)
Copyright (c) 1995-2013 Xilinx, Inc.  All rights reserved.

C:\Xilinx\14.7\ISE_DS\ISE\bin\nt64\unwrapped\trce.exe -intstyle ise -v 3 -s 3
-n 3 -fastpaths -xml spi_3_wire_master.twx spi_3_wire_master.ncd -o
spi_3_wire_master.twr spi_3_wire_master.pcf

Design file:              spi_3_wire_master.ncd
Physical constraint file: spi_3_wire_master.pcf
Device,package,speed:     xc6slx45t,fgg484,C,-3 (PRODUCTION 1.23 2013-10-13)
Report level:             verbose report

Environment Variable      Effect 
--------------------      ------ 
NONE                      No environment variables were set
--------------------------------------------------------------------------------

INFO:Timing:2698 - No timing constraints found, doing default enumeration.
INFO:Timing:3412 - To improve timing, see the Timing Closure User Guide (UG612).
INFO:Timing:2752 - To get complete path coverage, use the unconstrained paths 
   option. All paths that are not constrained will be reported in the 
   unconstrained paths section(s) of the report.
INFO:Timing:3339 - The clock-to-out numbers in this timing report are based on 
   a 50 Ohm transmission line loading model.  For the details of this model, 
   and for more information on accounting for different loading conditions, 
   please see the device datasheet.



Data Sheet report:
-----------------
All values displayed in nanoseconds (ns)

Setup/Hold to clock clock
------------+------------+------------+------------+------------+------------------+--------+
            |Max Setup to|  Process   |Max Hold to |  Process   |                  | Clock  |
Source      | clk (edge) |   Corner   | clk (edge) |   Corner   |Internal Clock(s) | Phase  |
------------+------------+------------+------------+------------+------------------+--------+
addr<0>     |    3.607(R)|      SLOW  |   -1.490(R)|      FAST  |clock_BUFGP       |   0.000|
addr<1>     |    3.456(R)|      SLOW  |   -2.308(R)|      FAST  |clock_BUFGP       |   0.000|
addr<2>     |    3.302(R)|      SLOW  |   -2.155(R)|      FAST  |clock_BUFGP       |   0.000|
addr<3>     |    3.548(R)|      SLOW  |   -2.389(R)|      FAST  |clock_BUFGP       |   0.000|
addr<4>     |    3.144(R)|      SLOW  |   -2.080(R)|      FAST  |clock_BUFGP       |   0.000|
addr<5>     |    3.770(R)|      SLOW  |   -2.473(R)|      FAST  |clock_BUFGP       |   0.000|
addr<6>     |    3.584(R)|      SLOW  |   -2.353(R)|      FAST  |clock_BUFGP       |   0.000|
addr<7>     |    3.382(R)|      SLOW  |   -2.219(R)|      FAST  |clock_BUFGP       |   0.000|
addr<8>     |    3.613(R)|      SLOW  |   -2.376(R)|      FAST  |clock_BUFGP       |   0.000|
addr<9>     |    3.895(R)|      SLOW  |   -2.540(R)|      FAST  |clock_BUFGP       |   0.000|
addr<10>    |    3.746(R)|      SLOW  |   -2.484(R)|      FAST  |clock_BUFGP       |   0.000|
addr<11>    |    3.863(R)|      SLOW  |   -2.465(R)|      FAST  |clock_BUFGP       |   0.000|
addr<12>    |    3.718(R)|      SLOW  |   -2.488(R)|      FAST  |clock_BUFGP       |   0.000|
addr<13>    |    3.660(R)|      SLOW  |   -2.373(R)|      FAST  |clock_BUFGP       |   0.000|
addr<14>    |    3.604(R)|      SLOW  |   -2.404(R)|      FAST  |clock_BUFGP       |   0.000|
addr<15>    |    3.667(R)|      SLOW  |   -2.365(R)|      FAST  |clock_BUFGP       |   0.000|
addr<16>    |    3.846(R)|      SLOW  |   -2.514(R)|      FAST  |clock_BUFGP       |   0.000|
addr<17>    |    4.672(R)|      SLOW  |   -3.002(R)|      FAST  |clock_BUFGP       |   0.000|
addr<18>    |    4.874(R)|      SLOW  |   -3.153(R)|      FAST  |clock_BUFGP       |   0.000|
addr<19>    |    4.617(R)|      SLOW  |   -2.993(R)|      FAST  |clock_BUFGP       |   0.000|
addr<20>    |    4.355(R)|      SLOW  |   -2.795(R)|      FAST  |clock_BUFGP       |   0.000|
addr<21>    |    4.733(R)|      SLOW  |   -3.028(R)|      FAST  |clock_BUFGP       |   0.000|
addr<22>    |    4.742(R)|      SLOW  |   -3.048(R)|      FAST  |clock_BUFGP       |   0.000|
addr<23>    |    4.338(R)|      SLOW  |   -2.759(R)|      FAST  |clock_BUFGP       |   0.000|
addr<24>    |    4.403(R)|      SLOW  |   -2.869(R)|      FAST  |clock_BUFGP       |   0.000|
addr<25>    |    4.765(R)|      SLOW  |   -3.044(R)|      FAST  |clock_BUFGP       |   0.000|
addr<26>    |    4.636(R)|      SLOW  |   -2.939(R)|      FAST  |clock_BUFGP       |   0.000|
addr<27>    |    4.471(R)|      SLOW  |   -2.830(R)|      FAST  |clock_BUFGP       |   0.000|
addr<28>    |    4.765(R)|      SLOW  |   -3.039(R)|      FAST  |clock_BUFGP       |   0.000|
addr<29>    |    4.744(R)|      SLOW  |   -2.999(R)|      FAST  |clock_BUFGP       |   0.000|
addr<30>    |    3.458(R)|      SLOW  |   -2.277(R)|      FAST  |clock_BUFGP       |   0.000|
addr<31>    |    3.370(R)|      SLOW  |   -2.172(R)|      FAST  |clock_BUFGP       |   0.000|
clk_div<0>  |    3.291(R)|      SLOW  |   -1.111(R)|      SLOW  |clock_BUFGP       |   0.000|
clk_div<1>  |    5.102(R)|      SLOW  |   -0.681(R)|      SLOW  |clock_BUFGP       |   0.000|
clk_div<2>  |    4.886(R)|      SLOW  |   -0.569(R)|      SLOW  |clock_BUFGP       |   0.000|
clk_div<3>  |    5.139(R)|      SLOW  |   -0.939(R)|      SLOW  |clock_BUFGP       |   0.000|
clk_div<4>  |    4.957(R)|      SLOW  |   -0.488(R)|      SLOW  |clock_BUFGP       |   0.000|
clk_div<5>  |    5.201(R)|      SLOW  |   -0.372(R)|      SLOW  |clock_BUFGP       |   0.000|
clk_div<6>  |    5.324(R)|      SLOW  |   -0.262(R)|      SLOW  |clock_BUFGP       |   0.000|
clk_div<7>  |    4.831(R)|      SLOW  |   -0.812(R)|      SLOW  |clock_BUFGP       |   0.000|
clk_div<8>  |    5.257(R)|      SLOW  |   -0.879(R)|      SLOW  |clock_BUFGP       |   0.000|
clk_div<9>  |    5.861(R)|      SLOW  |   -1.068(R)|      SLOW  |clock_BUFGP       |   0.000|
clk_div<10> |    5.003(R)|      SLOW  |   -0.927(R)|      SLOW  |clock_BUFGP       |   0.000|
clk_div<11> |    5.647(R)|      SLOW  |   -0.877(R)|      SLOW  |clock_BUFGP       |   0.000|
clk_div<12> |    5.693(R)|      SLOW  |   -1.255(R)|      SLOW  |clock_BUFGP       |   0.000|
clk_div<13> |    6.050(R)|      SLOW  |   -1.343(R)|      FAST  |clock_BUFGP       |   0.000|
clk_div<14> |    5.819(R)|      SLOW  |   -1.076(R)|      SLOW  |clock_BUFGP       |   0.000|
clk_div<15> |    6.305(R)|      SLOW  |   -1.345(R)|      FAST  |clock_BUFGP       |   0.000|
clk_div<16> |    5.642(R)|      SLOW  |   -1.147(R)|      SLOW  |clock_BUFGP       |   0.000|
clk_div<17> |    5.937(R)|      SLOW  |   -0.980(R)|      SLOW  |clock_BUFGP       |   0.000|
clk_div<18> |    5.706(R)|      SLOW  |   -0.930(R)|      SLOW  |clock_BUFGP       |   0.000|
clk_div<19> |    6.148(R)|      SLOW  |   -1.364(R)|      FAST  |clock_BUFGP       |   0.000|
clk_div<20> |    6.078(R)|      SLOW  |   -0.928(R)|      SLOW  |clock_BUFGP       |   0.000|
clk_div<21> |    6.602(R)|      SLOW  |   -1.315(R)|      FAST  |clock_BUFGP       |   0.000|
clk_div<22> |    6.170(R)|      SLOW  |   -1.284(R)|      SLOW  |clock_BUFGP       |   0.000|
clk_div<23> |    6.703(R)|      SLOW  |   -1.654(R)|      FAST  |clock_BUFGP       |   0.000|
clk_div<24> |    6.261(R)|      SLOW  |   -1.706(R)|      FAST  |clock_BUFGP       |   0.000|
clk_div<25> |    6.620(R)|      SLOW  |   -1.512(R)|      FAST  |clock_BUFGP       |   0.000|
clk_div<26> |    6.802(R)|      SLOW  |   -1.611(R)|      FAST  |clock_BUFGP       |   0.000|
clk_div<27> |    7.115(R)|      SLOW  |   -1.943(R)|      FAST  |clock_BUFGP       |   0.000|
clk_div<28> |    6.868(R)|      SLOW  |   -1.453(R)|      FAST  |clock_BUFGP       |   0.000|
clk_div<29> |    7.108(R)|      SLOW  |   -1.902(R)|      FAST  |clock_BUFGP       |   0.000|
clk_div<30> |    6.664(R)|      SLOW  |   -1.719(R)|      FAST  |clock_BUFGP       |   0.000|
clk_div<31> |    6.805(R)|      SLOW  |   -1.708(R)|      FAST  |clock_BUFGP       |   0.000|
cpha        |    1.872(R)|      SLOW  |   -1.093(R)|      SLOW  |clock_BUFGP       |   0.000|
cpol        |    0.951(R)|      FAST  |   -0.403(R)|      SLOW  |clock_BUFGP       |   0.000|
enable      |    4.445(R)|      SLOW  |   -0.659(R)|      SLOW  |clock_BUFGP       |   0.000|
reset_n     |    6.191(R)|      SLOW  |   -0.545(R)|      SLOW  |clock_BUFGP       |   0.000|
sdio        |    2.823(R)|      SLOW  |   -1.109(R)|      SLOW  |clock_BUFGP       |   0.000|
tx_cmd<0>   |    1.594(R)|      SLOW  |   -1.064(R)|      SLOW  |clock_BUFGP       |   0.000|
tx_cmd<1>   |    1.776(R)|      SLOW  |   -1.243(R)|      SLOW  |clock_BUFGP       |   0.000|
tx_cmd<2>   |    1.382(R)|      SLOW  |   -0.859(R)|      SLOW  |clock_BUFGP       |   0.000|
tx_cmd<3>   |    1.374(R)|      SLOW  |   -0.861(R)|      SLOW  |clock_BUFGP       |   0.000|
tx_cmd<4>   |    2.201(R)|      SLOW  |   -1.560(R)|      FAST  |clock_BUFGP       |   0.000|
tx_cmd<5>   |    1.358(R)|      SLOW  |   -0.850(R)|      SLOW  |clock_BUFGP       |   0.000|
tx_cmd<6>   |    2.105(R)|      SLOW  |   -1.535(R)|      FAST  |clock_BUFGP       |   0.000|
tx_cmd<7>   |    1.243(R)|      SLOW  |   -0.738(R)|      SLOW  |clock_BUFGP       |   0.000|
tx_cmd<8>   |    1.152(R)|      FAST  |   -0.608(R)|      SLOW  |clock_BUFGP       |   0.000|
tx_cmd<9>   |    1.177(R)|      FAST  |   -0.645(R)|      SLOW  |clock_BUFGP       |   0.000|
tx_cmd<10>  |    1.656(R)|      SLOW  |   -1.116(R)|      SLOW  |clock_BUFGP       |   0.000|
tx_cmd<11>  |    1.576(R)|      SLOW  |   -1.049(R)|      SLOW  |clock_BUFGP       |   0.000|
tx_cmd<12>  |    1.136(R)|      FAST  |   -0.584(R)|      SLOW  |clock_BUFGP       |   0.000|
tx_cmd<13>  |    0.940(R)|      FAST  |   -0.394(R)|      SLOW  |clock_BUFGP       |   0.000|
tx_cmd<14>  |    1.053(R)|      FAST  |   -0.518(R)|      SLOW  |clock_BUFGP       |   0.000|
tx_cmd<15>  |    1.655(R)|      SLOW  |   -0.277(R)|      SLOW  |clock_BUFGP       |   0.000|
tx_data<0>  |    2.674(R)|      SLOW  |   -1.789(R)|      FAST  |clock_BUFGP       |   0.000|
tx_data<1>  |    2.234(R)|      SLOW  |   -1.601(R)|      FAST  |clock_BUFGP       |   0.000|
tx_data<2>  |    1.993(R)|      SLOW  |   -1.421(R)|      SLOW  |clock_BUFGP       |   0.000|
tx_data<3>  |    2.386(R)|      SLOW  |   -1.660(R)|      FAST  |clock_BUFGP       |   0.000|
tx_data<4>  |    2.114(R)|      SLOW  |   -1.472(R)|      FAST  |clock_BUFGP       |   0.000|
tx_data<5>  |    2.123(R)|      SLOW  |   -1.529(R)|      FAST  |clock_BUFGP       |   0.000|
tx_data<6>  |    2.091(R)|      SLOW  |   -1.473(R)|      FAST  |clock_BUFGP       |   0.000|
tx_data<7>  |    2.192(R)|      SLOW  |   -1.560(R)|      FAST  |clock_BUFGP       |   0.000|
tx_data<8>  |    1.860(R)|      SLOW  |   -1.307(R)|      SLOW  |clock_BUFGP       |   0.000|
tx_data<9>  |    1.979(R)|      SLOW  |   -1.382(R)|      FAST  |clock_BUFGP       |   0.000|
tx_data<10> |    2.196(R)|      SLOW  |   -1.566(R)|      FAST  |clock_BUFGP       |   0.000|
tx_data<11> |    2.416(R)|      SLOW  |   -1.726(R)|      FAST  |clock_BUFGP       |   0.000|
tx_data<12> |    1.869(R)|      SLOW  |   -1.279(R)|      FAST  |clock_BUFGP       |   0.000|
tx_data<13> |    2.018(R)|      SLOW  |   -1.350(R)|      FAST  |clock_BUFGP       |   0.000|
tx_data<14> |    2.044(R)|      SLOW  |   -1.452(R)|      FAST  |clock_BUFGP       |   0.000|
tx_data<15> |    2.151(R)|      SLOW  |   -1.558(R)|      FAST  |clock_BUFGP       |   0.000|
tx_data<16> |    2.058(R)|      SLOW  |   -1.457(R)|      FAST  |clock_BUFGP       |   0.000|
tx_data<17> |    2.073(R)|      SLOW  |   -1.481(R)|      FAST  |clock_BUFGP       |   0.000|
tx_data<18> |    2.199(R)|      SLOW  |   -1.551(R)|      FAST  |clock_BUFGP       |   0.000|
tx_data<19> |    2.618(R)|      SLOW  |   -1.916(R)|      FAST  |clock_BUFGP       |   0.000|
tx_data<20> |    2.035(R)|      SLOW  |   -1.379(R)|      FAST  |clock_BUFGP       |   0.000|
tx_data<21> |    1.932(R)|      SLOW  |   -1.383(R)|      SLOW  |clock_BUFGP       |   0.000|
tx_data<22> |    1.893(R)|      SLOW  |   -1.321(R)|      FAST  |clock_BUFGP       |   0.000|
tx_data<23> |    1.587(R)|      SLOW  |   -1.040(R)|      SLOW  |clock_BUFGP       |   0.000|
tx_data<24> |    1.624(R)|      SLOW  |   -1.084(R)|      SLOW  |clock_BUFGP       |   0.000|
tx_data<25> |    1.512(R)|      SLOW  |   -0.976(R)|      SLOW  |clock_BUFGP       |   0.000|
tx_data<26> |    1.508(R)|      SLOW  |   -0.977(R)|      SLOW  |clock_BUFGP       |   0.000|
tx_data<27> |    1.540(R)|      SLOW  |   -1.006(R)|      SLOW  |clock_BUFGP       |   0.000|
tx_data<28> |    1.374(R)|      SLOW  |   -0.852(R)|      SLOW  |clock_BUFGP       |   0.000|
tx_data<29> |    1.169(R)|      SLOW  |   -0.644(R)|      SLOW  |clock_BUFGP       |   0.000|
tx_data<30> |    1.345(R)|      SLOW  |   -0.809(R)|      SLOW  |clock_BUFGP       |   0.000|
tx_data<31> |    0.994(R)|      FAST  |   -0.445(R)|      SLOW  |clock_BUFGP       |   0.000|
------------+------------+------------+------------+------------+------------------+--------+

Clock clock to Pad
------------+-----------------+------------+-----------------+------------+------------------+--------+
            |Max (slowest) clk|  Process   |Min (fastest) clk|  Process   |                  | Clock  |
Destination |  (edge) to PAD  |   Corner   |  (edge) to PAD  |   Corner   |Internal Clock(s) | Phase  |
------------+-----------------+------------+-----------------+------------+------------------+--------+
busy        |        10.355(R)|      SLOW  |         5.748(R)|      FAST  |clock_BUFGP       |   0.000|
rx_data<0>  |         8.314(R)|      SLOW  |         4.494(R)|      FAST  |clock_BUFGP       |   0.000|
rx_data<1>  |         8.071(R)|      SLOW  |         4.389(R)|      FAST  |clock_BUFGP       |   0.000|
rx_data<2>  |         7.905(R)|      SLOW  |         4.248(R)|      FAST  |clock_BUFGP       |   0.000|
rx_data<3>  |         7.462(R)|      SLOW  |         3.976(R)|      FAST  |clock_BUFGP       |   0.000|
rx_data<4>  |         7.663(R)|      SLOW  |         4.144(R)|      FAST  |clock_BUFGP       |   0.000|
rx_data<5>  |         7.663(R)|      SLOW  |         4.144(R)|      FAST  |clock_BUFGP       |   0.000|
rx_data<6>  |         7.303(R)|      SLOW  |         3.893(R)|      FAST  |clock_BUFGP       |   0.000|
rx_data<7>  |         8.026(R)|      SLOW  |         4.388(R)|      FAST  |clock_BUFGP       |   0.000|
rx_data<8>  |         7.582(R)|      SLOW  |         4.029(R)|      FAST  |clock_BUFGP       |   0.000|
rx_data<9>  |         7.605(R)|      SLOW  |         4.073(R)|      FAST  |clock_BUFGP       |   0.000|
rx_data<10> |         7.472(R)|      SLOW  |         3.983(R)|      FAST  |clock_BUFGP       |   0.000|
rx_data<11> |         7.454(R)|      SLOW  |         3.973(R)|      FAST  |clock_BUFGP       |   0.000|
rx_data<12> |         7.621(R)|      SLOW  |         4.089(R)|      FAST  |clock_BUFGP       |   0.000|
rx_data<13> |         7.622(R)|      SLOW  |         4.090(R)|      FAST  |clock_BUFGP       |   0.000|
rx_data<14> |         7.648(R)|      SLOW  |         4.096(R)|      FAST  |clock_BUFGP       |   0.000|
rx_data<15> |         7.897(R)|      SLOW  |         4.250(R)|      FAST  |clock_BUFGP       |   0.000|
rx_data<16> |         8.329(R)|      SLOW  |         4.486(R)|      FAST  |clock_BUFGP       |   0.000|
rx_data<17> |         8.349(R)|      SLOW  |         4.517(R)|      FAST  |clock_BUFGP       |   0.000|
rx_data<18> |         8.200(R)|      SLOW  |         4.452(R)|      FAST  |clock_BUFGP       |   0.000|
rx_data<19> |         8.140(R)|      SLOW  |         4.414(R)|      FAST  |clock_BUFGP       |   0.000|
rx_data<20> |         8.164(R)|      SLOW  |         4.416(R)|      FAST  |clock_BUFGP       |   0.000|
rx_data<21> |         8.333(R)|      SLOW  |         4.511(R)|      FAST  |clock_BUFGP       |   0.000|
rx_data<22> |         8.203(R)|      SLOW  |         4.470(R)|      FAST  |clock_BUFGP       |   0.000|
rx_data<23> |         8.317(R)|      SLOW  |         4.528(R)|      FAST  |clock_BUFGP       |   0.000|
rx_data<24> |         8.408(R)|      SLOW  |         4.598(R)|      FAST  |clock_BUFGP       |   0.000|
rx_data<25> |         8.438(R)|      SLOW  |         4.646(R)|      FAST  |clock_BUFGP       |   0.000|
rx_data<26> |         8.464(R)|      SLOW  |         4.660(R)|      FAST  |clock_BUFGP       |   0.000|
rx_data<27> |         8.043(R)|      SLOW  |         4.396(R)|      FAST  |clock_BUFGP       |   0.000|
rx_data<28> |         8.316(R)|      SLOW  |         4.536(R)|      FAST  |clock_BUFGP       |   0.000|
rx_data<29> |         8.330(R)|      SLOW  |         4.556(R)|      FAST  |clock_BUFGP       |   0.000|
rx_data<30> |         8.079(R)|      SLOW  |         4.427(R)|      FAST  |clock_BUFGP       |   0.000|
rx_data<31> |         8.095(R)|      SLOW  |         4.409(R)|      FAST  |clock_BUFGP       |   0.000|
sclk        |         7.770(R)|      SLOW  |         4.194(R)|      FAST  |clock_BUFGP       |   0.000|
sdio        |         9.928(R)|      SLOW  |         5.154(R)|      FAST  |clock_BUFGP       |   0.000|
ss_n<0>     |         8.002(R)|      SLOW  |         4.320(R)|      FAST  |clock_BUFGP       |   0.000|
------------+-----------------+------------+-----------------+------------+------------------+--------+

Clock to Setup on destination clock clock
---------------+---------+---------+---------+---------+
               | Src:Rise| Src:Fall| Src:Rise| Src:Fall|
Source Clock   |Dest:Rise|Dest:Rise|Dest:Fall|Dest:Fall|
---------------+---------+---------+---------+---------+
clock          |    5.169|         |         |         |
---------------+---------+---------+---------+---------+


Analysis completed Wed Jan 25 16:48:22 2023 
--------------------------------------------------------------------------------

Trace Settings:
-------------------------
Trace Settings 

Peak Memory Usage: 4627 MB



